   Compiling serde_core v1.0.228
   Compiling num-traits v0.2.19
   Compiling serde v1.0.228
   Compiling either v1.15.0
   Compiling ciborium-io v0.2.2
   Compiling regex-syntax v0.8.8
   Compiling plotters-backend v0.3.7
   Compiling same-file v1.0.6
   Compiling cast v0.3.0
   Compiling is-terminal v0.4.17
   Compiling clap_builder v4.5.55
   Compiling oorandom v11.1.5
   Compiling anes v0.1.6
   Compiling itertools v0.10.5
   Compiling rayon v1.11.0
   Compiling ciborium-ll v0.2.2
   Compiling plotters-svg v0.3.7
   Compiling walkdir v2.5.0
   Compiling regex-automata v0.4.13
   Compiling criterion-plot v0.5.0
   Compiling clap v4.5.55
   Compiling ordered-float v4.6.0
   Compiling plotters v0.3.7
   Compiling regex v1.12.2
   Compiling bitflags v2.10.0
   Compiling serde_json v1.0.149
   Compiling gpu-alloc-types v0.3.0
   Compiling spirv v0.3.0+sdk-1.3.268.0
   Compiling gpu-descriptor-types v0.2.0
   Compiling wgpu-types v24.0.0
   Compiling gpu-descriptor v0.3.2
   Compiling gpu-alloc v0.6.0
   Compiling ciborium v0.2.2
   Compiling tinytemplate v1.2.1
   Compiling naga v24.0.0
   Compiling criterion v0.5.1
   Compiling wgpu-hal v24.0.4
   Compiling wgpu-core v24.0.5
   Compiling wgpu v24.0.5
   Compiling nanna-gpu v0.1.0 (D:\Development\nanna\crates\nanna-gpu)
warning: function `format_duration_short` is never used
   --> crates\nanna-gpu\benches\threshold_benchmark.rs:141:4
    |
141 | fn format_duration_short(d: Duration) -> String {
    |    ^^^^^^^^^^^^^^^^^^^^^
    |
    = note: `#[warn(dead_code)]` (part of `#[warn(unused)]`) on by default

warning: `nanna-gpu` (bench "threshold_benchmark") generated 1 warning
    Finished `dev` profile [unoptimized + debuginfo] target(s) in 18.24s
